Using pre-set license
Built from '2020.3/staging' branch; Version is '2020.3.11f1 (99c7afb366b3) revision 10078127'; Using compiler version '192528614'; Build Type 'Release'
OS: 'Windows 10 Pro; OS build 19042.1110; Version 2009; 64bit' Language: 'en' Physical Memory: 16347 MB
BatchMode: 1, IsHumanControllingUs: 0, StartBugReporterOnCrash: 0, Is64bit: 1, IsPro: 0

 COMMAND LINE ARGUMENTS:
C:\Program Files\Unity\Hub\Editor\2020.3.11f1\Editor\Unity.exe
-adb2
-batchMode
-noUpm
-name
AssetImportWorker0
-projectPath
D:/Projects/UBO/POOUnidadIII
-logFile
Logs/AssetImportWorker0.log
-srvPort
54805
Successfully changed project path to: D:/Projects/UBO/POOUnidadIII
D:/Projects/UBO/POOUnidadIII
Using Asset Import Pipeline V2.
Refreshing native plugins compatible for Editor in 89.67 ms, found 3 plugins.
Preloading 0 native plugins for Editor in 0.00 ms.
Initialize engine version: 2020.3.11f1 (99c7afb366b3)
[Subsystems] Discovering subsystems at path C:/Program Files/Unity/Hub/Editor/2020.3.11f1/Editor/Data/Resources/UnitySubsystems
[Subsystems] Discovering subsystems at path D:/Projects/UBO/POOUnidadIII/Assets
GfxDevice: creating device client; threaded=0
Direct3D:
    Version:  Direct3D 11.0 [level 11.1]
    Renderer: NVIDIA GeForce GTX 1050 Ti (ID=0x1c82)
    Vendor:   
    VRAM:     4018 MB
    Driver:   30.0.14.7111
Initialize mono
Mono path[0] = 'C:/Program Files/Unity/Hub/Editor/2020.3.11f1/Editor/Data/Managed'
Mono path[1] = 'C:/Program Files/Unity/Hub/Editor/2020.3.11f1/Editor/Data/MonoBleedingEdge/lib/mono/unityjit'
Mono config path = 'C:/Program Files/Unity/Hub/Editor/2020.3.11f1/Editor/Data/MonoBleedingEdge/etc'
Using monoOptions --debugger-agent=transport=dt_socket,embedding=1,server=y,suspend=n,address=127.0.0.1:56696
Begin MonoManager ReloadAssembly
Registering precompiled unity dll's ...
Register platform support module: C:/Program Files/Unity/Hub/Editor/2020.3.11f1/Editor/Data/PlaybackEngines/WindowsStandaloneSupport/UnityEditor.WindowsStandalone.Extensions.dll
Registered in 0.002316 seconds.
Native extension for WindowsStandalone target not found
Refreshing native plugins compatible for Editor in 80.65 ms, found 3 plugins.
Preloading 0 native plugins for Editor in 0.00 ms.
Mono: successfully reloaded assembly
- Completed reload, in  3.096 seconds
Platform modules already initialized, skipping
Registering precompiled user dll's ...
Registered in 0.004316 seconds.
Begin MonoManager ReloadAssembly
Native extension for WindowsStandalone target not found
Refreshing native plugins compatible for Editor in 73.56 ms, found 3 plugins.
Preloading 0 native plugins for Editor in 0.00 ms.
Mono: successfully reloaded assembly
- Completed reload, in  1.582 seconds
Platform modules already initialized, skipping
========================================================================
Worker process is ready to serve import requests
Launched and connected shader compiler UnityShaderCompiler.exe after 0.05 seconds
Refreshing native plugins compatible for Editor in 0.89 ms, found 3 plugins.
Preloading 0 native plugins for Editor in 0.00 ms.
Unloading 2110 Unused Serialized files (Serialized files now loaded: 0)
System memory in use before: 99.7 MB.
System memory in use after: 99.6 MB.

Unloading 35 unused Assets to reduce memory usage. Loaded Objects now: 2552.
Total: 5.145800 ms (FindLiveObjects: 0.581300 ms CreateObjectMapping: 0.236300 ms MarkObjects: 4.026500 ms  DeleteObjects: 0.299800 ms)

========================================================================
Received Import Request.
  path: Assets/Polygon Arsenal/Prefabs/Combat/Missiles/Sci-Fi/Rocket/RocketMissileYellow.prefab
  artifactKey: Guid(533183f4a0f1e9c45af6f93cca95aa30) Importer(815301076,1909f56bfc062723c751e8b465ee728b)
Start importing Assets/Polygon Arsenal/Prefabs/Combat/Missiles/Sci-Fi/Rocket/RocketMissileYellow.prefab using Guid(533183f4a0f1e9c45af6f93cca95aa30) Importer(815301076,1909f56bfc062723c751e8b465ee728b)  -> (artifact id: '6c6627be7681a883781aadd1d8700c64') in 0.067522 seconds
  Import took 0.074617 seconds .

========================================================================
Received Import Request.
  Time since last request: 0.000175 seconds.
  path: Assets/Polygon Arsenal/Models/PolyRocket.FBX
  artifactKey: Guid(7621d59b18610634d9404fbb6624bbd8) Importer(815301076,1909f56bfc062723c751e8b465ee728b)
Start importing Assets/Polygon Arsenal/Models/PolyRocket.FBX using Guid(7621d59b18610634d9404fbb6624bbd8) Importer(815301076,1909f56bfc062723c751e8b465ee728b)  -> (artifact id: '74f094d8ca2bd64ce11e6fb0404eb360') in 0.106378 seconds
  Import took 0.109727 seconds .

========================================================================
Received Import Request.
  Time since last request: 0.000171 seconds.
  path: Assets/Polygon Arsenal/Prefabs/Combat/Missiles/Sci-Fi/Rocket/RocketMissileBlue.prefab
  artifactKey: Guid(ba17eef18e997c14188ea530ad718df5) Importer(815301076,1909f56bfc062723c751e8b465ee728b)
Start importing Assets/Polygon Arsenal/Prefabs/Combat/Missiles/Sci-Fi/Rocket/RocketMissileBlue.prefab using Guid(ba17eef18e997c14188ea530ad718df5) Importer(815301076,1909f56bfc062723c751e8b465ee728b)  -> (artifact id: '6954c7dc3dbb993c86e60e1791275b43') in 0.008981 seconds
  Import took 0.013331 seconds .

========================================================================
Received Import Request.
  Time since last request: 0.000474 seconds.
  path: Assets/Polygon Arsenal/Prefabs/Combat/Missiles/Sci-Fi/Rocket/RocketMissileRed.prefab
  artifactKey: Guid(89cabaed2b8ddf34f84ddba3eaa49707) Importer(815301076,1909f56bfc062723c751e8b465ee728b)
Start importing Assets/Polygon Arsenal/Prefabs/Combat/Missiles/Sci-Fi/Rocket/RocketMissileRed.prefab using Guid(89cabaed2b8ddf34f84ddba3eaa49707) Importer(815301076,1909f56bfc062723c751e8b465ee728b)  -> (artifact id: 'ed93480edc127f7eba3854d957d9dae6') in 0.016290 seconds
  Import took 0.023821 seconds .

========================================================================
Received Import Request.
  Time since last request: 0.000289 seconds.
  path: Assets/Polygon Arsenal/Prefabs/Combat/Missiles/Sci-Fi/Rocket/RocketMissilePurple.prefab
  artifactKey: Guid(f99d58c57fa7f6b4889c627b7bafe5aa) Importer(815301076,1909f56bfc062723c751e8b465ee728b)
Start importing Assets/Polygon Arsenal/Prefabs/Combat/Missiles/Sci-Fi/Rocket/RocketMissilePurple.prefab using Guid(f99d58c57fa7f6b4889c627b7bafe5aa) Importer(815301076,1909f56bfc062723c751e8b465ee728b)  -> (artifact id: 'ea6a78605f71aaa6d8c680515be26823') in 0.013416 seconds
  Import took 0.018525 seconds .

========================================================================
Received Import Request.
  Time since last request: 0.000203 seconds.
  path: Assets/Polygon Arsenal/Prefabs/Combat/Missiles/Sci-Fi/Rocket
  artifactKey: Guid(40bae7504bbe5104faf31d79da8770d4) Importer(815301076,1909f56bfc062723c751e8b465ee728b)
Start importing Assets/Polygon Arsenal/Prefabs/Combat/Missiles/Sci-Fi/Rocket using Guid(40bae7504bbe5104faf31d79da8770d4) Importer(815301076,1909f56bfc062723c751e8b465ee728b)  -> (artifact id: '7cc25b8a8be0c88a75d88c9d22ca834b') in 0.006247 seconds
  Import took 0.010539 seconds .

========================================================================
Received Import Request.
  Time since last request: 0.000194 seconds.
  path: Assets/Polygon Arsenal/Prefabs/Combat/Missiles/Sci-Fi/Rocket/RocketMissileGreen.prefab
  artifactKey: Guid(6de3adfd0ffc10d4c8a10a115a5a6cdf) Importer(815301076,1909f56bfc062723c751e8b465ee728b)
Start importing Assets/Polygon Arsenal/Prefabs/Combat/Missiles/Sci-Fi/Rocket/RocketMissileGreen.prefab using Guid(6de3adfd0ffc10d4c8a10a115a5a6cdf) Importer(815301076,1909f56bfc062723c751e8b465ee728b)  -> (artifact id: 'fca3f2516d5afe958923abf33e080140') in 0.009457 seconds
  Import took 0.013528 seconds .

========================================================================
Received Import Request.
  Time since last request: 0.000215 seconds.
  path: Assets/Polygon Arsenal/Prefabs/Combat/Missiles/Sci-Fi/Rocket/RocketMissilePink.prefab
  artifactKey: Guid(6276e2e71db0014449a26578405bc814) Importer(815301076,1909f56bfc062723c751e8b465ee728b)
Start importing Assets/Polygon Arsenal/Prefabs/Combat/Missiles/Sci-Fi/Rocket/RocketMissilePink.prefab using Guid(6276e2e71db0014449a26578405bc814) Importer(815301076,1909f56bfc062723c751e8b465ee728b)  -> (artifact id: 'dbe2d21b1c0b5b7b6432438fe461daa7') in 0.014349 seconds
  Import took 0.022311 seconds .

AssetImportWorkerClient::OnTransportError - code=2 error=End of file
